[NotebookApp | WARNING] No nbgrader_config.py file found (rerun with --debug to see where nbgrader is looking)
[NotebookApp | INFO] Loading the validate_assignment nbgrader serverextension
[NotebookApp | INFO] Serving notebooks from local directory: /home/ncclementi/Documents/repro_lspr/data_dielec
[NotebookApp | INFO] 0 active kernels 
[NotebookApp | INFO] The Jupyter Notebook is running at: http://localhost:8889/?token=ed131de3fca2d8e93708019dceb86de886e5051d7bb5ec31
[NotebookApp | INFO] Use Control-C to stop this server and shut down all kernels (twice to skip confirmation).
[NotebookApp | CRITICAL] 
    
    Copy/paste this URL into your browser when you connect for the first time,
    to login with a token:
        http://localhost:8889/?token=ed131de3fca2d8e93708019dceb86de886e5051d7bb5ec31
[NotebookApp | INFO] Accepting one-time-token-authenticated connection from 127.0.0.1
[NotebookApp | WARNING] 404 GET /nbextensions/nbextensions_configurator/tree_tab/main.js?v=20180615125237 (127.0.0.1) 9.54ms referer=http://localhost:8889/tree
[NotebookApp | WARNING] 404 GET /nbextensions/nbextensions_configurator/tree_tab/main.js?v=20180615125237 (127.0.0.1) 3.72ms referer=http://localhost:8889/tree/notebooks_analysis
[NotebookApp | WARNING] 404 GET /nbextensions/nbextensions_configurator/tree_tab/main.js?v=20180615125237 (127.0.0.1) 2.47ms referer=http://localhost:8889/tree
[NotebookApp | WARNING] 404 GET /nbextensions/nbextensions_configurator/tree_tab/main.js?v=20180615125237 (127.0.0.1) 3.41ms referer=http://localhost:8889/tree/notebooks_analysis
[NotebookApp | INFO] Kernel started: fa11668e-81ba-4cb2-a737-8d0a4a1edc8a
[NotebookApp | WARNING] 404 GET /nbextensions/nbextensions_configurator/config_menu/main.js?v=20180615125237 (127.0.0.1) 4.28ms referer=http://localhost:8889/notebooks/notebooks_analysis/pygbe_vs_analytical_exp_data.ipynb
[NotebookApp | WARNING] 404 GET /nbextensions/nbextension.js?v=20180615125237 (127.0.0.1) 3.80ms referer=http://localhost:8889/notebooks/notebooks_analysis/pygbe_vs_analytical_exp_data.ipynb
[NotebookApp | INFO] Adapting to protocol v5.1 for kernel fa11668e-81ba-4cb2-a737-8d0a4a1edc8a
[NotebookApp | INFO] Kernel shutdown: fa11668e-81ba-4cb2-a737-8d0a4a1edc8a
[NotebookApp | WARNING] zmq message arrived on closed channel
[NotebookApp | WARNING] zmq message arrived on closed channel
[NotebookApp | WARNING] zmq message arrived on closed channel
[NotebookApp | WARNING] 404 GET /nbextensions/nbextension.js?v=20180615125237 (127.0.0.1) 2.58ms referer=http://localhost:8889/notebooks/notebooks_analysis/silver_data_analysis.ipynb
[NotebookApp | WARNING] 404 GET /nbextensions/nbextensions_configurator/config_menu/main.js?v=20180615125237 (127.0.0.1) 2.22ms referer=http://localhost:8889/notebooks/notebooks_analysis/silver_data_analysis.ipynb
[NotebookApp | INFO] Kernel started: cf77846e-b84f-4f83-8681-702cd5a1a261
[NotebookApp | WARNING] 404 GET /nbextensions/widgets/notebook/js/extension.js?v=20180615125237 (127.0.0.1) 3.93ms referer=http://localhost:8889/notebooks/notebooks_analysis/silver_data_analysis.ipynb
[NotebookApp | INFO] Adapting to protocol v5.1 for kernel cf77846e-b84f-4f83-8681-702cd5a1a261
[NotebookApp | INFO] Kernel restarted: cf77846e-b84f-4f83-8681-702cd5a1a261
[NotebookApp | INFO] Adapting to protocol v5.1 for kernel cf77846e-b84f-4f83-8681-702cd5a1a261
[NotebookApp | INFO] Kernel restarted: cf77846e-b84f-4f83-8681-702cd5a1a261
[NotebookApp | INFO] Adapting to protocol v5.1 for kernel cf77846e-b84f-4f83-8681-702cd5a1a261
[NotebookApp | INFO] Saving file at /notebooks_analysis/silver_data_analysis.ipynb
[NotebookApp | ERROR] Failed to run command:
    ['/home/ncclementi/anaconda3/bin/python', '-m', 'ipykernel_launcher', '-f', '/run/user/1000/jupyter/kernel-cf77846e-b84f-4f83-8681-702cd5a1a261.json']
        PATH='/home/ncclementi/anaconda3/bin:/home/ncclementi/src/nanoshaper:/home/ncclementi/src/pdb2pqr:/usr/local/cuda-7.0/bin:/home/ncclementi/anaconda3/bin:/usr/local/sbin:/usr/local/bin:/usr/sbin:/usr/bin:/sbin:/bin:/usr/games:/usr/local/games:/snap/bin'
        with kwargs:
    {'stdout': None, 'cwd': '/home/ncclementi/Documents/repro_lspr/data_dielec/notebooks_analysis', 'stdin': -1, 'stderr': None, 'start_new_session': True}
    
[NotebookApp | ERROR] Exception restarting kernel
    Traceback (most recent call last):
      File "/home/ncclementi/anaconda3/lib/python3.5/site-packages/notebook/services/kernels/handlers.py", line 90, in post
        yield gen.maybe_future(km.restart_kernel(kernel_id))
      File "/home/ncclementi/anaconda3/lib/python3.5/site-packages/notebook/services/kernels/kernelmanager.py", line 121, in restart_kernel
        super(MappingKernelManager, self).restart_kernel(kernel_id)
      File "/home/ncclementi/anaconda3/lib/python3.5/site-packages/jupyter_client/multikernelmanager.py", line 33, in wrapped
        r = method(*args, **kwargs)
      File "/home/ncclementi/anaconda3/lib/python3.5/site-packages/jupyter_client/manager.py", line 358, in restart_kernel
        self.start_kernel(**self._launch_args)
      File "/home/ncclementi/anaconda3/lib/python3.5/site-packages/jupyter_client/manager.py", line 257, in start_kernel
        **kw)
      File "/home/ncclementi/anaconda3/lib/python3.5/site-packages/jupyter_client/manager.py", line 203, in _launch_kernel
        return launch_kernel(kernel_cmd, **kw)
      File "/home/ncclementi/anaconda3/lib/python3.5/site-packages/jupyter_client/launcher.py", line 128, in launch_kernel
        proc = Popen(cmd, **kwargs)
      File "/home/ncclementi/anaconda3/lib/python3.5/subprocess.py", line 676, in __init__
        restore_signals, start_new_session)
      File "/home/ncclementi/anaconda3/lib/python3.5/subprocess.py", line 1289, in _execute_child
        raise child_exception_type(errno_num, err_msg)
    FileNotFoundError: [Errno 2] No such file or directory: '/home/ncclementi/Documents/repro_lspr/data_dielec/notebooks_analysis'
[NotebookApp | ERROR] {
      "Accept-Encoding": "gzip, deflate, br",
      "Content-Length": "0",
      "Cookie": "_xsrf=2|d7181d82|b4138560a5702dcb49a02458b05c4b18|1527858276; username-localhost-8890=\"2|1:0|10:1528916575|23:username-localhost-8890|44:NzY3ODM0MjIzNDY0NGIxNmE0NWVmMWIzZTM5OTI1ODA=|51d789090bf69178bf9c7db855143f67a3030cd7a1e351a5945f09b13722c6c4\"; username-localhost-8891=\"2|1:0|10:1528916687|23:username-localhost-8891|44:ZTk1ODk1NmQ2OTkxNDBiNGIyYzk3NWNhNzk3MmUzNjk=|fe878c1dcb8192bb1a5210f99158a8e86b30b306f48d58074ca53411a1e2a4ce\"; username-localhost-8888=\"2|1:0|10:1529080348|23:username-localhost-8888|44:Y2M0NDMwNTUyNTc0NDMxNGJmYTU4NWIwYTdjYTIwNTQ=|b4f26ddbf12d6a2ccfd1828d348ef767722ed76687102cd32ae7a2b3f5711419\"; username-localhost-8889=\"2|1:0|10:1529081559|23:username-localhost-8889|44:YTlmZWZlY2NmZmYzNGIxM2FiMWIxYTBjMDEyZTQ1ODU=|abb8a3d1b75fb873abefb1dfdc2540290adfc3f00c601233211e0bd340e3c2f0\"",
      "X-Xsrftoken": "2|d7181d82|b4138560a5702dcb49a02458b05c4b18|1527858276",
      "Accept": "application/json, text/javascript, */*; q=0.01",
      "Origin": "http://localhost:8889",
      "Accept-Language": "en-US,en;q=0.9",
      "Connection": "keep-alive",
      "Host": "localhost:8889",
      "Referer": "http://localhost:8889/notebooks/notebooks_analysis/silver_data_analysis.ipynb",
      "X-Requested-With": "XMLHttpRequest",
      "User-Agent": "Mozilla/5.0 (X11; Linux x86_64) AppleWebKit/537.36 (KHTML, like Gecko) Chrome/67.0.3396.62 Safari/537.36"
    }
[NotebookApp | ERROR] 500 POST /api/kernels/cf77846e-b84f-4f83-8681-702cd5a1a261/restart (127.0.0.1) 452.53ms referer=http://localhost:8889/notebooks/notebooks_analysis/silver_data_analysis.ipynb
[NotebookApp | INFO] Kernel shutdown: cf77846e-b84f-4f83-8681-702cd5a1a261
[NotebookApp | INFO] Kernel started: 453d9a69-b149-49be-8a94-1265053bd148
[NotebookApp | INFO] Adapting to protocol v5.1 for kernel 453d9a69-b149-49be-8a94-1265053bd148
[NotebookApp | WARNING] No such file or directory: notebooks_analysis/silver_data_analysis.ipynb
[NotebookApp | WARNING] 404 GET /api/contents/notebooks_analysis/silver_data_analysis.ipynb?content=0&_=1529081792821 (127.0.0.1) 2.18ms referer=http://localhost:8889/notebooks/notebooks_analysis/silver_data_analysis.ipynb
[NotebookApp | INFO] Uploading file to /notebooks_analysis/silver_data_analysis.ipynb
[NotebookApp | ERROR] Error while saving file: notebooks_analysis/silver_data_analysis.ipynb [Errno 2] No such file or directory: '/home/ncclementi/Documents/repro_lspr/data_dielec/notebooks_analysis/silver_data_analysis.ipynb'
    Traceback (most recent call last):
      File "/home/ncclementi/anaconda3/lib/python3.5/site-packages/notebook/services/contents/filemanager.py", line 422, in save
        self._save_notebook(os_path, nb)
      File "/home/ncclementi/anaconda3/lib/python3.5/site-packages/notebook/services/contents/fileio.py", line 293, in _save_notebook
        with self.atomic_writing(os_path, encoding='utf-8') as f:
      File "/home/ncclementi/anaconda3/lib/python3.5/contextlib.py", line 59, in __enter__
        return next(self.gen)
      File "/home/ncclementi/anaconda3/lib/python3.5/site-packages/notebook/services/contents/fileio.py", line 213, in atomic_writing
        with atomic_writing(os_path, *args, log=self.log, **kwargs) as f:
      File "/home/ncclementi/anaconda3/lib/python3.5/contextlib.py", line 59, in __enter__
        return next(self.gen)
      File "/home/ncclementi/anaconda3/lib/python3.5/site-packages/notebook/services/contents/fileio.py", line 108, in atomic_writing
        fileobj = io.open(path, 'w', encoding=encoding, **kwargs)
    FileNotFoundError: [Errno 2] No such file or directory: '/home/ncclementi/Documents/repro_lspr/data_dielec/notebooks_analysis/silver_data_analysis.ipynb'
[NotebookApp | WARNING] Unexpected error while saving file: notebooks_analysis/silver_data_analysis.ipynb [Errno 2] No such file or directory: '/home/ncclementi/Documents/repro_lspr/data_dielec/notebooks_analysis/silver_data_analysis.ipynb'
[NotebookApp | ERROR] {
      "Accept-Encoding": "gzip, deflate, br",
      "Content-Length": "215689",
      "Cookie": "_xsrf=2|d7181d82|b4138560a5702dcb49a02458b05c4b18|1527858276; username-localhost-8890=\"2|1:0|10:1528916575|23:username-localhost-8890|44:NzY3ODM0MjIzNDY0NGIxNmE0NWVmMWIzZTM5OTI1ODA=|51d789090bf69178bf9c7db855143f67a3030cd7a1e351a5945f09b13722c6c4\"; username-localhost-8891=\"2|1:0|10:1528916687|23:username-localhost-8891|44:ZTk1ODk1NmQ2OTkxNDBiNGIyYzk3NWNhNzk3MmUzNjk=|fe878c1dcb8192bb1a5210f99158a8e86b30b306f48d58074ca53411a1e2a4ce\"; username-localhost-8888=\"2|1:0|10:1529080348|23:username-localhost-8888|44:Y2M0NDMwNTUyNTc0NDMxNGJmYTU4NWIwYTdjYTIwNTQ=|b4f26ddbf12d6a2ccfd1828d348ef767722ed76687102cd32ae7a2b3f5711419\"; username-localhost-8889=\"2|1:0|10:1529081559|23:username-localhost-8889|44:YTlmZWZlY2NmZmYzNGIxM2FiMWIxYTBjMDEyZTQ1ODU=|abb8a3d1b75fb873abefb1dfdc2540290adfc3f00c601233211e0bd340e3c2f0\"",
      "X-Xsrftoken": "2|d7181d82|b4138560a5702dcb49a02458b05c4b18|1527858276",
      "Accept": "application/json, text/javascript, */*; q=0.01",
      "Origin": "http://localhost:8889",
      "Accept-Language": "en-US,en;q=0.9",
      "Connection": "keep-alive",
      "Host": "localhost:8889",
      "Content-Type": "application/json",
      "Referer": "http://localhost:8889/notebooks/notebooks_analysis/silver_data_analysis.ipynb",
      "X-Requested-With": "XMLHttpRequest",
      "User-Agent": "Mozilla/5.0 (X11; Linux x86_64) AppleWebKit/537.36 (KHTML, like Gecko) Chrome/67.0.3396.62 Safari/537.36"
    }
[NotebookApp | ERROR] 500 PUT /api/contents/notebooks_analysis/silver_data_analysis.ipynb (127.0.0.1) 155.37ms referer=http://localhost:8889/notebooks/notebooks_analysis/silver_data_analysis.ipynb
[NotebookApp | WARNING] No such file or directory: notebooks_analysis
[NotebookApp | WARNING] 404 GET /api/contents/notebooks_analysis?type=directory&_=1529081721578 (127.0.0.1) 3.55ms referer=http://localhost:8889/tree/notebooks_analysis
[NotebookApp | WARNING] 404 GET /tree/notebooks_analysis (127.0.0.1) 2.55ms referer=http://localhost:8889/tree/notebooks_analysis
[NotebookApp | INFO] interrupted
[NotebookApp | CRITICAL] Shutdown confirmed
[NotebookApp | INFO] Shutting down kernels
[NotebookApp | INFO] Kernel shutdown: 453d9a69-b149-49be-8a94-1265053bd148
[NotebookApp | WARNING] No nbgrader_config.py file found (rerun with --debug to see where nbgrader is looking)
[NotebookApp | INFO] Loading the validate_assignment nbgrader serverextension
[NotebookApp | INFO] Serving notebooks from local directory: /home/ncclementi/Documents/repro_lspr/data_dielec
[NotebookApp | INFO] 0 active kernels 
[NotebookApp | INFO] The Jupyter Notebook is running at: http://localhost:8889/?token=242f5d533058c8fc588c886cbfb7caf7e692292192c24522
[NotebookApp | INFO] Use Control-C to stop this server and shut down all kernels (twice to skip confirmation).
[NotebookApp | CRITICAL] 
    
    Copy/paste this URL into your browser when you connect for the first time,
    to login with a token:
        http://localhost:8889/?token=242f5d533058c8fc588c886cbfb7caf7e692292192c24522
[NotebookApp | INFO] Accepting one-time-token-authenticated connection from 127.0.0.1
[NotebookApp | WARNING] 404 GET /nbextensions/nbextensions_configurator/tree_tab/main.js?v=20180615130505 (127.0.0.1) 6.65ms referer=http://localhost:8889/tree
[NotebookApp | WARNING] 404 GET /nbextensions/nbextensions_configurator/tree_tab/main.js?v=20180615130505 (127.0.0.1) 1.86ms referer=http://localhost:8889/tree/notebooks_analysis_and_diel_generation
[NotebookApp | INFO] Kernel started: 186ee4ab-950d-4a76-a261-2639c901e8ed
[NotebookApp | WARNING] 404 GET /nbextensions/nbextensions_configurator/config_menu/main.js?v=20180615130505 (127.0.0.1) 2.11ms referer=http://localhost:8889/notebooks/notebooks_analysis_and_diel_generation/silver_data_analysis.ipynb
[NotebookApp | WARNING] 404 GET /nbextensions/nbextension.js?v=20180615130505 (127.0.0.1) 1.70ms referer=http://localhost:8889/notebooks/notebooks_analysis_and_diel_generation/silver_data_analysis.ipynb
[NotebookApp | WARNING] 404 GET /nbextensions/widgets/notebook/js/extension.js?v=20180615130505 (127.0.0.1) 3.79ms referer=http://localhost:8889/notebooks/notebooks_analysis_and_diel_generation/silver_data_analysis.ipynb
[NotebookApp | INFO] Adapting to protocol v5.1 for kernel 186ee4ab-950d-4a76-a261-2639c901e8ed
[NotebookApp | INFO] Saving file at /notebooks_analysis_and_diel_generation/silver_data_analysis.ipynb
[NotebookApp | INFO] Kernel started: 1a9b764c-22a1-4319-b5da-38c82eb3b4f6
[NotebookApp | WARNING] 404 GET /nbextensions/nbextensions_configurator/config_menu/main.js?v=20180615130505 (127.0.0.1) 4.02ms referer=http://localhost:8889/notebooks/notebooks_analysis_and_diel_generation/water_data_analysis.ipynb
[NotebookApp | WARNING] 404 GET /nbextensions/nbextension.js?v=20180615130505 (127.0.0.1) 2.45ms referer=http://localhost:8889/notebooks/notebooks_analysis_and_diel_generation/water_data_analysis.ipynb
[NotebookApp | INFO] Adapting to protocol v5.1 for kernel 1a9b764c-22a1-4319-b5da-38c82eb3b4f6
[NotebookApp | WARNING] 404 GET /nbextensions/widgets/notebook/js/extension.js?v=20180615130505 (127.0.0.1) 3.18ms referer=http://localhost:8889/notebooks/notebooks_analysis_and_diel_generation/water_data_analysis.ipynb
[NotebookApp | INFO] Kernel started: aaf1480f-4868-4144-a93d-a370a778c278
[NotebookApp | WARNING] 404 GET /nbextensions/nbextensions_configurator/config_menu/main.js?v=20180615130505 (127.0.0.1) 2.66ms referer=http://localhost:8889/notebooks/notebooks_analysis_and_diel_generation/protein_dielectric_Pahn-etal.ipynb
[NotebookApp | WARNING] 404 GET /nbextensions/nbextension.js?v=20180615130505 (127.0.0.1) 2.17ms referer=http://localhost:8889/notebooks/notebooks_analysis_and_diel_generation/protein_dielectric_Pahn-etal.ipynb
[NotebookApp | INFO] Adapting to protocol v5.1 for kernel aaf1480f-4868-4144-a93d-a370a778c278
[NotebookApp | WARNING] 404 GET /nbextensions/widgets/notebook/js/extension.js?v=20180615130505 (127.0.0.1) 2.35ms referer=http://localhost:8889/notebooks/notebooks_analysis_and_diel_generation/protein_dielectric_Pahn-etal.ipynb
[NotebookApp | WARNING] 404 GET /nbextensions/nbextensions_configurator/config_menu/main.js?v=20180615130505 (127.0.0.1) 3.79ms referer=http://localhost:8889/notebooks/notebooks_analysis_and_diel_generation/silver_data_analysis.ipynb
[NotebookApp | WARNING] 404 GET /nbextensions/nbextension.js?v=20180615130505 (127.0.0.1) 2.84ms referer=http://localhost:8889/notebooks/notebooks_analysis_and_diel_generation/silver_data_analysis.ipynb
[NotebookApp | INFO] Adapting to protocol v5.1 for kernel 186ee4ab-950d-4a76-a261-2639c901e8ed
[NotebookApp | WARNING] 404 GET /nbextensions/widgets/notebook/js/extension.js?v=20180615130505 (127.0.0.1) 1.96ms referer=http://localhost:8889/notebooks/notebooks_analysis_and_diel_generation/silver_data_analysis.ipynb
[NotebookApp | INFO] Kernel restarted: 1a9b764c-22a1-4319-b5da-38c82eb3b4f6
[NotebookApp | INFO] Adapting to protocol v5.1 for kernel 1a9b764c-22a1-4319-b5da-38c82eb3b4f6
[NotebookApp | INFO] Saving file at /notebooks_analysis_and_diel_generation/water_data_analysis.ipynb
[NotebookApp | INFO] Saving file at /notebooks_analysis_and_diel_generation/protein_dielectric_Pahn-etal.ipynb
[NotebookApp | INFO] Saving file at /notebooks_analysis_and_diel_generation/protein_dielectric_Pahn-etal.ipynb
[NotebookApp | WARNING] 404 GET /nbextensions/nbextensions_configurator/config_menu/main.js?v=20180615130505 (127.0.0.1) 2.73ms referer=http://localhost:8889/notebooks/notebooks_analysis_and_diel_generation/pygbe_vs_analytical_exp_data.ipynb
[NotebookApp | WARNING] 404 GET /nbextensions/nbextension.js?v=20180615130505 (127.0.0.1) 1.78ms referer=http://localhost:8889/notebooks/notebooks_analysis_and_diel_generation/pygbe_vs_analytical_exp_data.ipynb
[NotebookApp | INFO] Kernel started: 498c6b8d-4dd4-49b0-b170-59da203197b2
[NotebookApp | WARNING] 404 GET /nbextensions/widgets/notebook/js/extension.js?v=20180615130505 (127.0.0.1) 5.21ms referer=http://localhost:8889/notebooks/notebooks_analysis_and_diel_generation/pygbe_vs_analytical_exp_data.ipynb
[NotebookApp | INFO] Adapting to protocol v5.1 for kernel 498c6b8d-4dd4-49b0-b170-59da203197b2
[NotebookApp | WARNING] 404 GET /nbextensions/nbextensions_configurator/tree_tab/main.js?v=20180615130505 (127.0.0.1) 1.71ms referer=http://localhost:8889/tree/notebooks_analysis_and_diel_generation
[NotebookApp | INFO] Kernel shutdown: aaf1480f-4868-4144-a93d-a370a778c278
[NotebookApp | INFO] Kernel shutdown: 186ee4ab-950d-4a76-a261-2639c901e8ed
[NotebookApp | INFO] Kernel shutdown: 1a9b764c-22a1-4319-b5da-38c82eb3b4f6
[NotebookApp | INFO] Creating new notebook in /notebooks_analysis_and_diel_generation
[NotebookApp | WARNING] 404 GET /nbextensions/nbextensions_configurator/config_menu/main.js?v=20180615130505 (127.0.0.1) 2.35ms referer=http://localhost:8889/notebooks/notebooks_analysis_and_diel_generation/Untitled.ipynb?kernel_name=python3
[NotebookApp | WARNING] 404 GET /nbextensions/nbextension.js?v=20180615130505 (127.0.0.1) 2.56ms referer=http://localhost:8889/notebooks/notebooks_analysis_and_diel_generation/Untitled.ipynb?kernel_name=python3
[NotebookApp | INFO] Kernel started: a598f9f5-27ff-4b89-bedf-9c97e56d2e31
[NotebookApp | WARNING] 404 GET /nbextensions/widgets/notebook/js/extension.js?v=20180615130505 (127.0.0.1) 1.82ms referer=http://localhost:8889/notebooks/notebooks_analysis_and_diel_generation/Untitled.ipynb?kernel_name=python3
[NotebookApp | INFO] Adapting to protocol v5.1 for kernel a598f9f5-27ff-4b89-bedf-9c97e56d2e31
[NotebookApp | INFO] Saving file at /notebooks_analysis_and_diel_generation/generate_dielectric_data.ipynb
[NotebookApp | INFO] Saving file at /notebooks_analysis_and_diel_generation/generate_dielectric_data.ipynb
[NotebookApp | INFO] Saving file at /notebooks_analysis_and_diel_generation/generate_dielectric_data.ipynb
[NotebookApp | INFO] Saving file at /notebooks_analysis_and_diel_generation/generate_dielectric_data.ipynb
[NotebookApp | INFO] Saving file at /notebooks_analysis_and_diel_generation/generate_dielectric_data.ipynb
[NotebookApp | INFO] Saving file at /notebooks_analysis_and_diel_generation/generate_dielectric_data.ipynb
[NotebookApp | INFO] Saving file at /notebooks_analysis_and_diel_generation/generate_dielectric_data.ipynb
[NotebookApp | INFO] Saving file at /notebooks_analysis_and_diel_generation/generate_dielectric_data.ipynb
[NotebookApp | INFO] Saving file at /notebooks_analysis_and_diel_generation/generate_dielectric_data.ipynb
[NotebookApp | INFO] Saving file at /notebooks_analysis_and_diel_generation/generate_dielectric_data.ipynb
[NotebookApp | INFO] Saving file at /notebooks_analysis_and_diel_generation/generate_dielectric_data.ipynb
[NotebookApp | INFO] Saving file at /notebooks_analysis_and_diel_generation/generate_dielectric_data.ipynb
[NotebookApp | INFO] Saving file at /notebooks_analysis_and_diel_generation/generate_dielectric_data.ipynb
[NotebookApp | INFO] Kernel restarted: a598f9f5-27ff-4b89-bedf-9c97e56d2e31
[NotebookApp | INFO] Adapting to protocol v5.1 for kernel a598f9f5-27ff-4b89-bedf-9c97e56d2e31
[NotebookApp | INFO] Saving file at /notebooks_analysis_and_diel_generation/generate_dielectric_data.ipynb
[NotebookApp | INFO] Saving file at /notebooks_analysis_and_diel_generation/generate_dielectric_data.ipynb
[NotebookApp | INFO] Saving file at /notebooks_analysis_and_diel_generation/generate_dielectric_data.ipynb
[NotebookApp | INFO] Saving file at /notebooks_analysis_and_diel_generation/generate_dielectric_data.ipynb
[NotebookApp | INFO] Saving file at /notebooks_analysis_and_diel_generation/generate_dielectric_data.ipynb
[NotebookApp | INFO] Saving file at /notebooks_analysis_and_diel_generation/generate_dielectric_data.ipynb
[NotebookApp | INFO] Saving file at /notebooks_analysis_and_diel_generation/generate_dielectric_data.ipynb
[NotebookApp | INFO] Saving file at /notebooks_analysis_and_diel_generation/generate_dielectric_data.ipynb
[NotebookApp | INFO] Saving file at /notebooks_analysis_and_diel_generation/generate_dielectric_data.ipynb
[NotebookApp | INFO] Saving file at /notebooks_analysis_and_diel_generation/generate_dielectric_data.ipynb
[NotebookApp | INFO] Saving file at /notebooks_analysis_and_diel_generation/generate_dielectric_data.ipynb
[NotebookApp | INFO] Saving file at /notebooks_analysis_and_diel_generation/generate_dielectric_data.ipynb
[NotebookApp | INFO] Saving file at /notebooks_analysis_and_diel_generation/generate_dielectric_data.ipynb
[NotebookApp | INFO] Saving file at /notebooks_analysis_and_diel_generation/generate_dielectric_data.ipynb
[NotebookApp | INFO] Saving file at /notebooks_analysis_and_diel_generation/generate_dielectric_data.ipynb
[NotebookApp | INFO] Saving file at /notebooks_analysis_and_diel_generation/generate_dielectric_data.ipynb
[NotebookApp | INFO] Saving file at /notebooks_analysis_and_diel_generation/generate_dielectric_data.ipynb
[NotebookApp | INFO] Saving file at /notebooks_analysis_and_diel_generation/generate_dielectric_data.ipynb
[NotebookApp | INFO] Kernel restarted: a598f9f5-27ff-4b89-bedf-9c97e56d2e31
[NotebookApp | INFO] Saving file at /notebooks_analysis_and_diel_generation/generate_dielectric_data.ipynb
[NotebookApp | INFO] Adapting to protocol v5.1 for kernel a598f9f5-27ff-4b89-bedf-9c97e56d2e31
[NotebookApp | INFO] Kernel restarted: a598f9f5-27ff-4b89-bedf-9c97e56d2e31
[NotebookApp | INFO] Adapting to protocol v5.1 for kernel a598f9f5-27ff-4b89-bedf-9c97e56d2e31
[NotebookApp | INFO] Kernel restarted: a598f9f5-27ff-4b89-bedf-9c97e56d2e31
[NotebookApp | INFO] Adapting to protocol v5.1 for kernel a598f9f5-27ff-4b89-bedf-9c97e56d2e31
[NotebookApp | INFO] Saving file at /notebooks_analysis_and_diel_generation/generate_dielectric_data.ipynb
[NotebookApp | INFO] Saving file at /notebooks_analysis_and_diel_generation/generate_dielectric_data.ipynb
[NotebookApp | INFO] Kernel shutdown: a598f9f5-27ff-4b89-bedf-9c97e56d2e31
[NotebookApp | WARNING] delete /notebooks_analysis_and_diel_generation/wave_ang_silver_diel_3820-3870.txt
[NotebookApp | INFO] interrupted
[NotebookApp | CRITICAL] Shutdown confirmed
[NotebookApp | INFO] Shutting down kernels
[NotebookApp | INFO] Kernel shutdown: 498c6b8d-4dd4-49b0-b170-59da203197b2
