[NotebookApp | WARNING] No nbgrader_config.py file found (rerun with --debug to see where nbgrader is looking)
[NotebookApp | INFO] Loading the validate_assignment nbgrader serverextension
[NotebookApp | INFO] Serving notebooks from local directory: /home/ncclementi/Documents/git/pygbe_lspr_paper/notebooks/silver_spherical_NP_verification
[NotebookApp | INFO] 0 active kernels 
[NotebookApp | INFO] The Jupyter Notebook is running at: http://localhost:8888/?token=087b5853526c131cc71d8040dbe52d6b8e0d02eac87bb5b6
[NotebookApp | INFO] Use Control-C to stop this server and shut down all kernels (twice to skip confirmation).
[NotebookApp | CRITICAL] 
    
    Copy/paste this URL into your browser when you connect for the first time,
    to login with a token:
        http://localhost:8888/?token=087b5853526c131cc71d8040dbe52d6b8e0d02eac87bb5b6
[NotebookApp | INFO] Accepting one-time-token-authenticated connection from 127.0.0.1
[NotebookApp | WARNING] 404 GET /nbextensions/nbextensions_configurator/tree_tab/main.js?v=20180612100332 (127.0.0.1) 9.28ms referer=http://localhost:8888/tree
[NotebookApp | WARNING] 404 GET /nbextensions/nbextension.js?v=20180612100332 (127.0.0.1) 3.57ms referer=http://localhost:8888/notebooks/silver_spherical_NP_verification.ipynb
[NotebookApp | WARNING] 404 GET /nbextensions/nbextensions_configurator/config_menu/main.js?v=20180612100332 (127.0.0.1) 1.76ms referer=http://localhost:8888/notebooks/silver_spherical_NP_verification.ipynb
[NotebookApp | INFO] Kernel started: 4b97cc31-57a9-4510-a41f-164d5988f31e
[NotebookApp | WARNING] 404 GET /reports/figures/sphere_field_8nm.png (127.0.0.1) 3.79ms referer=http://localhost:8888/notebooks/silver_spherical_NP_verification.ipynb
[NotebookApp | WARNING] 404 GET /nbextensions/widgets/notebook/js/extension.js?v=20180612100332 (127.0.0.1) 5.33ms referer=http://localhost:8888/notebooks/silver_spherical_NP_verification.ipynb
[NotebookApp | INFO] Adapting to protocol v5.1 for kernel 4b97cc31-57a9-4510-a41f-164d5988f31e
[NotebookApp | INFO] Saving file at /silver_spherical_NP_verification.ipynb
[NotebookApp | INFO] 302 GET /notebooks/sphere_field_8nm.png (127.0.0.1) 2.31ms
[NotebookApp | INFO] Saving file at /silver_spherical_NP_verification.ipynb
[NotebookApp | INFO] Kernel restarted: 4b97cc31-57a9-4510-a41f-164d5988f31e
[NotebookApp | INFO] Adapting to protocol v5.1 for kernel 4b97cc31-57a9-4510-a41f-164d5988f31e
[NotebookApp | INFO] Saving file at /silver_spherical_NP_verification.ipynb
[NotebookApp | INFO] Kernel shutdown: 4b97cc31-57a9-4510-a41f-164d5988f31e
[NotebookApp | INFO] interrupted
[NotebookApp | CRITICAL] Shutdown confirmed
[NotebookApp | INFO] Shutting down kernels
[NotebookApp | WARNING] No nbgrader_config.py file found (rerun with --debug to see where nbgrader is looking)
[NotebookApp | INFO] Loading the validate_assignment nbgrader serverextension
[NotebookApp | INFO] Serving notebooks from local directory: /home/ncclementi/Documents/git/pygbe_lspr_paper/notebooks/silver_spherical_NP_verification
[NotebookApp | INFO] 0 active kernels
[NotebookApp | INFO] The Jupyter Notebook is running at:
[NotebookApp | INFO] http://localhost:8888/?token=027777d74bdf98f1bded40b37c3d51da628ab41f155ab4d8
[NotebookApp | INFO] Use Control-C to stop this server and shut down all kernels (twice to skip confirmation).
[NotebookApp | CRITICAL] 
    
    Copy/paste this URL into your browser when you connect for the first time,
    to login with a token:
        http://localhost:8888/?token=027777d74bdf98f1bded40b37c3d51da628ab41f155ab4d8
[NotebookApp | INFO] Accepting one-time-token-authenticated connection from 127.0.0.1
[NotebookApp | WARNING] 404 GET /nbextensions/nbextensions_configurator/tree_tab/main.js?v=20180709111137 (127.0.0.1) 9.87ms referer=http://localhost:8888/tree
[NotebookApp | WARNING] 404 GET /nbextensions/nbextension.js?v=20180709111137 (127.0.0.1) 3.80ms referer=http://localhost:8888/notebooks/silver_spherical_NP_verification.ipynb
[NotebookApp | WARNING] 404 GET /nbextensions/nbextensions_configurator/config_menu/main.js?v=20180709111137 (127.0.0.1) 3.71ms referer=http://localhost:8888/notebooks/silver_spherical_NP_verification.ipynb
[NotebookApp | INFO] Kernel started: df44b188-3030-4289-9e47-27676b94c4f2
[NotebookApp | WARNING] 404 GET /nbextensions/widgets/notebook/js/extension.js?v=20180709111137 (127.0.0.1) 5.43ms referer=http://localhost:8888/notebooks/silver_spherical_NP_verification.ipynb
[NotebookApp | INFO] 302 GET /notebooks/sphere_field_8nm.png (127.0.0.1) 3.01ms
[NotebookApp | INFO] Adapting to protocol v5.1 for kernel df44b188-3030-4289-9e47-27676b94c4f2
[NotebookApp | INFO] Starting buffering for df44b188-3030-4289-9e47-27676b94c4f2:0a67c01f2500459695dc65e0b3d926eb
[NotebookApp | INFO] Kernel restarted: df44b188-3030-4289-9e47-27676b94c4f2
[NotebookApp | INFO] Adapting to protocol v5.1 for kernel df44b188-3030-4289-9e47-27676b94c4f2
[NotebookApp | INFO] Restoring connection for df44b188-3030-4289-9e47-27676b94c4f2:0a67c01f2500459695dc65e0b3d926eb
[NotebookApp | INFO] Replaying 6 buffered messages
[NotebookApp | INFO] Saving file at /silver_spherical_NP_verification.ipynb
[NotebookApp | INFO] Starting buffering for df44b188-3030-4289-9e47-27676b94c4f2:0a67c01f2500459695dc65e0b3d926eb
[NotebookApp | INFO] Kernel restarted: df44b188-3030-4289-9e47-27676b94c4f2
[NotebookApp | INFO] Adapting to protocol v5.1 for kernel df44b188-3030-4289-9e47-27676b94c4f2
[NotebookApp | INFO] Restoring connection for df44b188-3030-4289-9e47-27676b94c4f2:0a67c01f2500459695dc65e0b3d926eb
[NotebookApp | INFO] Replaying 6 buffered messages
[NotebookApp | INFO] Saving file at /silver_spherical_NP_verification.ipynb
[NotebookApp | INFO] Starting buffering for df44b188-3030-4289-9e47-27676b94c4f2:0a67c01f2500459695dc65e0b3d926eb
[NotebookApp | INFO] Kernel shutdown: df44b188-3030-4289-9e47-27676b94c4f2
[NotebookApp | INFO] interrupted
[NotebookApp | CRITICAL] Shutdown confirmed
[NotebookApp | INFO] Shutting down 0 kernels
[NotebookApp | WARNING] No nbgrader_config.py file found (rerun with --debug to see where nbgrader is looking)
[NotebookApp | INFO] Loading the validate_assignment nbgrader serverextension
[NotebookApp | INFO] Serving notebooks from local directory: /home/ncclementi/Documents/git/pygbe_lspr_paper/notebooks/silver_spherical_NP_verification
[NotebookApp | INFO] 0 active kernels
[NotebookApp | INFO] The Jupyter Notebook is running at:
[NotebookApp | INFO] http://localhost:8888/?token=c9f8b446080f8041421216ab81765e683ef3eb5102e09918
[NotebookApp | INFO] Use Control-C to stop this server and shut down all kernels (twice to skip confirmation).
[NotebookApp | CRITICAL] 
    
    Copy/paste this URL into your browser when you connect for the first time,
    to login with a token:
        http://localhost:8888/?token=c9f8b446080f8041421216ab81765e683ef3eb5102e09918
[NotebookApp | INFO] Accepting one-time-token-authenticated connection from 127.0.0.1
[NotebookApp | WARNING] 404 GET /nbextensions/nbextension.js?v=20181116151854 (127.0.0.1) 12.96ms referer=http://localhost:8888/notebooks/silver_spherical_NP_verification.ipynb
[NotebookApp | INFO] Kernel started: 8eeabda5-1cec-4af6-8932-047818cf6a8c
[NotebookApp | INFO] 302 GET /notebooks/sphere_field_8nm.png (127.0.0.1) 2.54ms
[NotebookApp | WARNING] 404 GET /nbextensions/widgets/notebook/js/extension.js?v=20181116151854 (127.0.0.1) 3.86ms referer=http://localhost:8888/notebooks/silver_spherical_NP_verification.ipynb
[NotebookApp | INFO] Adapting to protocol v5.1 for kernel 8eeabda5-1cec-4af6-8932-047818cf6a8c
[NotebookApp | INFO] Starting buffering for 8eeabda5-1cec-4af6-8932-047818cf6a8c:d4e2d524cfbe48748a25cbd6e39efcc3
[NotebookApp | WARNING] No nbgrader_config.py file found (rerun with --debug to see where nbgrader is looking)
[NotebookApp | INFO] Loading the validate_assignment nbgrader serverextension
[NotebookApp | INFO] Serving notebooks from local directory: /home/ncclementi/Documents/git/pygbe_lspr_paper/notebooks/silver_spherical_NP_verification
[NotebookApp | INFO] 0 active kernels
[NotebookApp | INFO] The Jupyter Notebook is running at:
[NotebookApp | INFO] http://localhost:8889/?token=e178debcd69ee044edcfb54c38890fa5c4ae4bb108f55771
[NotebookApp | INFO] Use Control-C to stop this server and shut down all kernels (twice to skip confirmation).
[NotebookApp | CRITICAL] 
    
    Copy/paste this URL into your browser when you connect for the first time,
    to login with a token:
        http://localhost:8889/?token=e178debcd69ee044edcfb54c38890fa5c4ae4bb108f55771
[NotebookApp | INFO] Accepting one-time-token-authenticated connection from 127.0.0.1
[NotebookApp | WARNING] 404 GET /nbextensions/nbextension.js?v=20181116162204 (127.0.0.1) 21.70ms referer=http://localhost:8889/notebooks/silver_spherical_NP_verification.ipynb
[NotebookApp | INFO] Kernel started: e2681662-e29f-4179-ae25-408fa3319163
[NotebookApp | INFO] 302 GET /notebooks/sphere_field_8nm.png (127.0.0.1) 1.28ms
[NotebookApp | WARNING] 404 GET /nbextensions/widgets/notebook/js/extension.js?v=20181116162204 (127.0.0.1) 3.12ms referer=http://localhost:8889/notebooks/silver_spherical_NP_verification.ipynb
[NotebookApp | INFO] Adapting to protocol v5.1 for kernel e2681662-e29f-4179-ae25-408fa3319163
[NotebookApp | INFO] Saving file at /silver_spherical_NP_verification.ipynb
[NotebookApp | INFO] Saving file at /silver_spherical_NP_verification.ipynb
[NotebookApp | INFO] Starting buffering for e2681662-e29f-4179-ae25-408fa3319163:bb99247b23eb41a5b831cd39e9327742
[NotebookApp | INFO] Kernel restarted: e2681662-e29f-4179-ae25-408fa3319163
[NotebookApp | INFO] Adapting to protocol v5.1 for kernel e2681662-e29f-4179-ae25-408fa3319163
[NotebookApp | INFO] Restoring connection for e2681662-e29f-4179-ae25-408fa3319163:bb99247b23eb41a5b831cd39e9327742
[NotebookApp | INFO] Replaying 6 buffered messages
[NotebookApp | INFO] Saving file at /silver_spherical_NP_verification.ipynb
[NotebookApp | INFO] Starting buffering for e2681662-e29f-4179-ae25-408fa3319163:bb99247b23eb41a5b831cd39e9327742
[NotebookApp | INFO] Kernel restarted: e2681662-e29f-4179-ae25-408fa3319163
[NotebookApp | INFO] Adapting to protocol v5.1 for kernel e2681662-e29f-4179-ae25-408fa3319163
[NotebookApp | INFO] Restoring connection for e2681662-e29f-4179-ae25-408fa3319163:bb99247b23eb41a5b831cd39e9327742
[NotebookApp | INFO] Replaying 6 buffered messages
[NotebookApp | INFO] Saving file at /silver_spherical_NP_verification.ipynb
[NotebookApp | INFO] Starting buffering for e2681662-e29f-4179-ae25-408fa3319163:bb99247b23eb41a5b831cd39e9327742
[NotebookApp | INFO] Kernel restarted: e2681662-e29f-4179-ae25-408fa3319163
[NotebookApp | INFO] Adapting to protocol v5.1 for kernel e2681662-e29f-4179-ae25-408fa3319163
[NotebookApp | INFO] Restoring connection for e2681662-e29f-4179-ae25-408fa3319163:bb99247b23eb41a5b831cd39e9327742
[NotebookApp | INFO] Replaying 6 buffered messages
[NotebookApp | INFO] Saving file at /silver_spherical_NP_verification.ipynb
[NotebookApp | INFO] Starting buffering for e2681662-e29f-4179-ae25-408fa3319163:bb99247b23eb41a5b831cd39e9327742
[NotebookApp | INFO] Kernel shutdown: e2681662-e29f-4179-ae25-408fa3319163
[NotebookApp | INFO] interrupted
[NotebookApp | CRITICAL] Shutdown confirmed
[NotebookApp | INFO] Shutting down 0 kernels
[NotebookApp | INFO] interrupted
[NotebookApp | CRITICAL] Shutdown confirmed
[NotebookApp | INFO] Shutting down 1 kernel
[NotebookApp | INFO] Kernel shutdown: 8eeabda5-1cec-4af6-8932-047818cf6a8c
