[NotebookApp | WARNING] No nbgrader_config.py file found (rerun with --debug to see where nbgrader is looking)
[NotebookApp | INFO] Loading the validate_assignment nbgrader serverextension
[NotebookApp | INFO] Serving notebooks from local directory: /home/ncclementi/Documents/git/pygbe_lspr/paper/BSA_silver_NP_LSPR_response
[NotebookApp | INFO] 0 active kernels 
[NotebookApp | INFO] The Jupyter Notebook is running at: http://localhost:8888/?token=4245a5257b0a1e3d07e085c22d5328b383d7ce6e8e021ec7
[NotebookApp | INFO] Use Control-C to stop this server and shut down all kernels (twice to skip confirmation).
[NotebookApp | CRITICAL] 
    
    Copy/paste this URL into your browser when you connect for the first time,
    to login with a token:
        http://localhost:8888/?token=4245a5257b0a1e3d07e085c22d5328b383d7ce6e8e021ec7
[NotebookApp | INFO] Accepting one-time-token-authenticated connection from 127.0.0.1
[NotebookApp | WARNING] 404 GET /nbextensions/nbextensions_configurator/tree_tab/main.js?v=20180514165307 (127.0.0.1) 13.77ms referer=http://localhost:8888/tree
[NotebookApp | WARNING] 404 GET /nbextensions/nbextensions_configurator/config_menu/main.js?v=20180514165307 (127.0.0.1) 4.00ms referer=http://localhost:8888/notebooks/Test.ipynb
[NotebookApp | WARNING] 404 GET /nbextensions/nbextension.js?v=20180514165307 (127.0.0.1) 3.12ms referer=http://localhost:8888/notebooks/Test.ipynb
[NotebookApp | INFO] Kernel started: c1a72902-3061-4913-9d5b-3552d57a4438
[NotebookApp | WARNING] 404 GET /nbextensions/widgets/notebook/js/extension.js?v=20180514165307 (127.0.0.1) 2.92ms referer=http://localhost:8888/notebooks/Test.ipynb
[NotebookApp | INFO] Adapting to protocol v5.1 for kernel c1a72902-3061-4913-9d5b-3552d57a4438
[NotebookApp | INFO] Saving file at /Test.ipynb
[NotebookApp | INFO] Saving file at /Test.ipynb
[NotebookApp | INFO] Kernel restarted: c1a72902-3061-4913-9d5b-3552d57a4438
[NotebookApp | INFO] Adapting to protocol v5.1 for kernel c1a72902-3061-4913-9d5b-3552d57a4438
[NotebookApp | INFO] Saving file at /Test.ipynb
[NotebookApp | INFO] Kernel shutdown: c1a72902-3061-4913-9d5b-3552d57a4438
[NotebookApp | INFO] interrupted
[NotebookApp | CRITICAL] Shutdown confirmed
[NotebookApp | INFO] Shutting down kernels
[NotebookApp | WARNING] No nbgrader_config.py file found (rerun with --debug to see where nbgrader is looking)
[NotebookApp | INFO] Loading the validate_assignment nbgrader serverextension
[NotebookApp | INFO] Serving notebooks from local directory: /home/ncclementi/Documents/git/pygbe_lspr/paper/BSA_silver_NP_LSPR_response
[NotebookApp | INFO] 0 active kernels 
[NotebookApp | INFO] The Jupyter Notebook is running at: http://localhost:8890/?token=6a0cf3a7eab53c90d9a421b4f2b264a1f15e82e6f383127a
[NotebookApp | INFO] Use Control-C to stop this server and shut down all kernels (twice to skip confirmation).
[NotebookApp | CRITICAL] 
    
    Copy/paste this URL into your browser when you connect for the first time,
    to login with a token:
        http://localhost:8890/?token=6a0cf3a7eab53c90d9a421b4f2b264a1f15e82e6f383127a
[NotebookApp | INFO] Accepting one-time-token-authenticated connection from 127.0.0.1
[NotebookApp | WARNING] 404 GET /nbextensions/nbextensions_configurator/tree_tab/main.js?v=20180523162908 (127.0.0.1) 9.23ms referer=http://localhost:8890/tree
[NotebookApp | WARNING] 404 GET /nbextensions/nbextensions_configurator/config_menu/main.js?v=20180523162908 (127.0.0.1) 2.95ms referer=http://localhost:8890/notebooks/LSPR_response_to_BSA.ipynb
[NotebookApp | WARNING] 404 GET /nbextensions/nbextension.js?v=20180523162908 (127.0.0.1) 2.59ms referer=http://localhost:8890/notebooks/LSPR_response_to_BSA.ipynb
[NotebookApp | INFO] Kernel started: 117a9cc2-2314-47ca-9751-aa7216cb7a22
[NotebookApp | WARNING] 404 GET /nbextensions/widgets/notebook/js/extension.js?v=20180523162908 (127.0.0.1) 2.24ms referer=http://localhost:8890/notebooks/LSPR_response_to_BSA.ipynb
[NotebookApp | INFO] Adapting to protocol v5.1 for kernel 117a9cc2-2314-47ca-9751-aa7216cb7a22
[NotebookApp | INFO] Saving file at /LSPR_response_to_BSA.ipynb
[NotebookApp | INFO] Saving file at /LSPR_response_to_BSA.ipynb
[NotebookApp | INFO] Saving file at /LSPR_response_to_BSA.ipynb
[NotebookApp | INFO] Saving file at /LSPR_response_to_BSA.ipynb
[NotebookApp | INFO] Saving file at /LSPR_response_to_BSA.ipynb
[NotebookApp | INFO] Kernel restarted: 117a9cc2-2314-47ca-9751-aa7216cb7a22
[NotebookApp | INFO] Adapting to protocol v5.1 for kernel 117a9cc2-2314-47ca-9751-aa7216cb7a22
[NotebookApp | INFO] Saving file at /LSPR_response_to_BSA.ipynb
[NotebookApp | INFO] Saving file at /LSPR_response_to_BSA.ipynb
[NotebookApp | INFO] Kernel restarted: 117a9cc2-2314-47ca-9751-aa7216cb7a22
[NotebookApp | INFO] Adapting to protocol v5.1 for kernel 117a9cc2-2314-47ca-9751-aa7216cb7a22
[NotebookApp | INFO] Kernel restarted: 117a9cc2-2314-47ca-9751-aa7216cb7a22
[NotebookApp | INFO] Adapting to protocol v5.1 for kernel 117a9cc2-2314-47ca-9751-aa7216cb7a22
[NotebookApp | INFO] Saving file at /LSPR_response_to_BSA.ipynb
[NotebookApp | INFO] Kernel restarted: 117a9cc2-2314-47ca-9751-aa7216cb7a22
[NotebookApp | INFO] Adapting to protocol v5.1 for kernel 117a9cc2-2314-47ca-9751-aa7216cb7a22
[NotebookApp | INFO] Saving file at /LSPR_response_to_BSA.ipynb
[NotebookApp | INFO] Saving file at /LSPR_response_to_BSA.ipynb
[NotebookApp | INFO] Saving file at /LSPR_response_to_BSA.ipynb
[NotebookApp | INFO] Kernel restarted: 117a9cc2-2314-47ca-9751-aa7216cb7a22
[NotebookApp | INFO] Adapting to protocol v5.1 for kernel 117a9cc2-2314-47ca-9751-aa7216cb7a22
[NotebookApp | INFO] Saving file at /LSPR_response_to_BSA.ipynb
[NotebookApp | INFO] Saving file at /LSPR_response_to_BSA.ipynb
[NotebookApp | INFO] Saving file at /LSPR_response_to_BSA.ipynb
[NotebookApp | INFO] Kernel shutdown: 117a9cc2-2314-47ca-9751-aa7216cb7a22
[NotebookApp | INFO] interrupted
[NotebookApp | CRITICAL] Shutdown confirmed
[NotebookApp | INFO] Shutting down kernels
[NotebookApp | WARNING] No nbgrader_config.py file found (rerun with --debug to see where nbgrader is looking)
[NotebookApp | INFO] Loading the validate_assignment nbgrader serverextension
[NotebookApp | INFO] Serving notebooks from local directory: /home/ncclementi/Documents/git/pygbe_lspr/paper/BSA_silver_NP_LSPR_response
[NotebookApp | INFO] 0 active kernels 
[NotebookApp | INFO] The Jupyter Notebook is running at: http://localhost:8888/?token=7eb8c350acd2c673b372210efb4940bdb9091baf4be363ca
[NotebookApp | INFO] Use Control-C to stop this server and shut down all kernels (twice to skip confirmation).
[NotebookApp | CRITICAL] 
    
    Copy/paste this URL into your browser when you connect for the first time,
    to login with a token:
        http://localhost:8888/?token=7eb8c350acd2c673b372210efb4940bdb9091baf4be363ca
[NotebookApp | INFO] Accepting one-time-token-authenticated connection from 127.0.0.1
[NotebookApp | WARNING] 404 GET /nbextensions/nbextensions_configurator/tree_tab/main.js?v=20180608144103 (127.0.0.1) 49.26ms referer=http://localhost:8888/tree
[NotebookApp | INFO] Creating new notebook in 
[NotebookApp | WARNING] 404 GET /nbextensions/nbextension.js?v=20180608144103 (127.0.0.1) 2.64ms referer=http://localhost:8888/notebooks/Untitled.ipynb?kernel_name=python3
[NotebookApp | WARNING] 404 GET /nbextensions/nbextensions_configurator/config_menu/main.js?v=20180608144103 (127.0.0.1) 5.60ms referer=http://localhost:8888/notebooks/Untitled.ipynb?kernel_name=python3
[NotebookApp | INFO] Kernel started: 83289c19-aa52-4e9b-9e96-ba6477c5875c
[NotebookApp | WARNING] 404 GET /nbextensions/widgets/notebook/js/extension.js?v=20180608144103 (127.0.0.1) 1.76ms referer=http://localhost:8888/notebooks/Untitled.ipynb?kernel_name=python3
[NotebookApp | INFO] Adapting to protocol v5.1 for kernel 83289c19-aa52-4e9b-9e96-ba6477c5875c
[NotebookApp | INFO] Saving file at /Untitled.ipynb
[NotebookApp | INFO] Saving file at /Untitled.ipynb
[NotebookApp | INFO] Saving file at /Untitled.ipynb
[NotebookApp | INFO] interrupted
[NotebookApp | CRITICAL] Shutdown confirmed
[NotebookApp | INFO] Shutting down kernels
[NotebookApp | INFO] Kernel shutdown: 83289c19-aa52-4e9b-9e96-ba6477c5875c
[NotebookApp | WARNING] No nbgrader_config.py file found (rerun with --debug to see where nbgrader is looking)
[NotebookApp | INFO] Loading the validate_assignment nbgrader serverextension
[NotebookApp | INFO] Serving notebooks from local directory: /home/ncclementi/Documents/git/pygbe_lspr/paper/BSA_silver_NP_LSPR_response
[NotebookApp | INFO] 0 active kernels 
[NotebookApp | INFO] The Jupyter Notebook is running at: http://localhost:8888/?token=21a03f364977b8b3d285fb88d61563f1dcec9268b85f3a52
[NotebookApp | INFO] Use Control-C to stop this server and shut down all kernels (twice to skip confirmation).
[NotebookApp | CRITICAL] 
    
    Copy/paste this URL into your browser when you connect for the first time,
    to login with a token:
        http://localhost:8888/?token=21a03f364977b8b3d285fb88d61563f1dcec9268b85f3a52
[NotebookApp | INFO] Accepting one-time-token-authenticated connection from 127.0.0.1
[NotebookApp | WARNING] 404 GET /nbextensions/nbextensions_configurator/tree_tab/main.js?v=20180611122804 (127.0.0.1) 54.56ms referer=http://localhost:8888/tree
[NotebookApp | INFO] Creating new notebook in 
[NotebookApp | WARNING] 404 GET /nbextensions/nbextensions_configurator/config_menu/main.js?v=20180611122804 (127.0.0.1) 3.14ms referer=http://localhost:8888/notebooks/Untitled.ipynb?kernel_name=python3
[NotebookApp | WARNING] 404 GET /nbextensions/nbextension.js?v=20180611122804 (127.0.0.1) 2.09ms referer=http://localhost:8888/notebooks/Untitled.ipynb?kernel_name=python3
[NotebookApp | INFO] Kernel started: 3f1ba6d1-594d-4c8b-a4fa-7a37406ab492
[NotebookApp | WARNING] 404 GET /nbextensions/widgets/notebook/js/extension.js?v=20180611122804 (127.0.0.1) 1.52ms referer=http://localhost:8888/notebooks/Untitled.ipynb?kernel_name=python3
[NotebookApp | INFO] Adapting to protocol v5.1 for kernel 3f1ba6d1-594d-4c8b-a4fa-7a37406ab492
[NotebookApp | INFO] Saving file at /Untitled.ipynb
[NotebookApp | INFO] Saving file at /Untitled.ipynb
[NotebookApp | INFO] Saving file at /Untitled.ipynb
[NotebookApp | INFO] Saving file at /Untitled.ipynb
[NotebookApp | INFO] Kernel restarted: 3f1ba6d1-594d-4c8b-a4fa-7a37406ab492
[NotebookApp | INFO] Adapting to protocol v5.1 for kernel 3f1ba6d1-594d-4c8b-a4fa-7a37406ab492
[NotebookApp | INFO] Saving file at /Untitled.ipynb
[NotebookApp | INFO] Saving file at /Untitled.ipynb
[NotebookApp | INFO] Saving file at /Untitled.ipynb
[NotebookApp | INFO] Saving file at /Untitled.ipynb
[NotebookApp | INFO] Saving file at /Untitled.ipynb
[NotebookApp | INFO] Saving file at /Untitled.ipynb
[NotebookApp | INFO] Saving file at /Untitled.ipynb
[NotebookApp | INFO] Saving file at /Untitled.ipynb
[NotebookApp | INFO] Saving file at /Untitled.ipynb
[NotebookApp | INFO] Saving file at /Untitled.ipynb
[NotebookApp | INFO] Saving file at /Untitled.ipynb
[NotebookApp | INFO] Saving file at /Untitled.ipynb
[NotebookApp | INFO] Saving file at /Untitled.ipynb
[NotebookApp | INFO] Saving file at /Untitled.ipynb
[NotebookApp | INFO] Kernel restarted: 3f1ba6d1-594d-4c8b-a4fa-7a37406ab492
[NotebookApp | INFO] Adapting to protocol v5.1 for kernel 3f1ba6d1-594d-4c8b-a4fa-7a37406ab492
[NotebookApp | INFO] Saving file at /Untitled.ipynb
[NotebookApp | INFO] Saving file at /Untitled.ipynb
[NotebookApp | INFO] Saving file at /Untitled.ipynb
[NotebookApp | INFO] Kernel restarted: 3f1ba6d1-594d-4c8b-a4fa-7a37406ab492
[NotebookApp | INFO] Adapting to protocol v5.1 for kernel 3f1ba6d1-594d-4c8b-a4fa-7a37406ab492
[NotebookApp | INFO] Saving file at /Untitled.ipynb
[NotebookApp | INFO] Saving file at /Untitled.ipynb
[NotebookApp | INFO] Saving file at /Untitled.ipynb
[NotebookApp | INFO] Saving file at /Untitled.ipynb
[NotebookApp | INFO] Kernel restarted: 3f1ba6d1-594d-4c8b-a4fa-7a37406ab492
[NotebookApp | INFO] Adapting to protocol v5.1 for kernel 3f1ba6d1-594d-4c8b-a4fa-7a37406ab492
[NotebookApp | INFO] Saving file at /Untitled.ipynb
[NotebookApp | INFO] Saving file at /Untitled.ipynb
[NotebookApp | INFO] Saving file at /Untitled.ipynb
[NotebookApp | INFO] Saving file at /Untitled.ipynb
[NotebookApp | INFO] Saving file at /Untitled.ipynb
[NotebookApp | INFO] Saving file at /Untitled.ipynb
[NotebookApp | WARNING] No nbgrader_config.py file found (rerun with --debug to see where nbgrader is looking)
[NotebookApp | INFO] Loading the validate_assignment nbgrader serverextension
[NotebookApp | INFO] Serving notebooks from local directory: /home/ncclementi/Documents/git/pygbe_lspr/paper/BSA_silver_NP_LSPR_response
[NotebookApp | INFO] 0 active kernels 
[NotebookApp | INFO] The Jupyter Notebook is running at: http://localhost:8888/?token=b5e2bc61f616af35f8fe3047cce9bbbe502ad76e49f8b1bc
[NotebookApp | INFO] Use Control-C to stop this server and shut down all kernels (twice to skip confirmation).
[NotebookApp | CRITICAL] 
    
    Copy/paste this URL into your browser when you connect for the first time,
    to login with a token:
        http://localhost:8888/?token=b5e2bc61f616af35f8fe3047cce9bbbe502ad76e49f8b1bc
[NotebookApp | INFO] Accepting one-time-token-authenticated connection from 127.0.0.1
[NotebookApp | WARNING] 404 GET /nbextensions/nbextensions_configurator/tree_tab/main.js?v=20180612150211 (127.0.0.1) 9.33ms referer=http://localhost:8888/tree
[NotebookApp | WARNING] 404 GET /nbextensions/nbextension.js?v=20180612150211 (127.0.0.1) 6.27ms referer=http://localhost:8888/notebooks/Untitled.ipynb
[NotebookApp | WARNING] 404 GET /nbextensions/nbextensions_configurator/config_menu/main.js?v=20180612150211 (127.0.0.1) 2.59ms referer=http://localhost:8888/notebooks/Untitled.ipynb
[NotebookApp | INFO] Kernel started: ba7fba3e-3630-4dcd-adbc-a6d64f7a7641
[NotebookApp | WARNING] 404 GET /nbextensions/widgets/notebook/js/extension.js?v=20180612150211 (127.0.0.1) 3.46ms referer=http://localhost:8888/notebooks/Untitled.ipynb
[NotebookApp | INFO] Adapting to protocol v5.1 for kernel ba7fba3e-3630-4dcd-adbc-a6d64f7a7641
[NotebookApp | WARNING] delete /Untitled.ipynb
[NotebookApp | WARNING] 404 GET /nbextensions/nbextensions_configurator/config_menu/main.js?v=20180612150211 (127.0.0.1) 3.52ms referer=http://localhost:8888/notebooks/LSPR_response_to_BSA.ipynb
[NotebookApp | WARNING] 404 GET /nbextensions/nbextension.js?v=20180612150211 (127.0.0.1) 4.06ms referer=http://localhost:8888/notebooks/LSPR_response_to_BSA.ipynb
[NotebookApp | INFO] Kernel started: 48b90c94-a9b5-46bb-804d-cc4f9e769875
[NotebookApp | WARNING] 404 GET /notebooks/figures/2prot_1nm_y_R8nm.png (127.0.0.1): No such file or directory: figures/2prot_1nm_y_R8nm.png
[NotebookApp | WARNING] 404 GET /notebooks/figures/2prot_1nm_y_R8nm.png (127.0.0.1) 2.30ms referer=http://localhost:8888/notebooks/LSPR_response_to_BSA.ipynb
[NotebookApp | WARNING] 404 GET /notebooks/figures/2prot_1nm_x_R8nm.png (127.0.0.1): No such file or directory: figures/2prot_1nm_x_R8nm.png
[NotebookApp | WARNING] 404 GET /notebooks/figures/2prot_1nm_x_R8nm.png (127.0.0.1) 12.00ms referer=http://localhost:8888/notebooks/LSPR_response_to_BSA.ipynb
[NotebookApp | WARNING] 404 GET /notebooks/figures/2prot_1nm_z_R8nm.png (127.0.0.1): No such file or directory: figures/2prot_1nm_z_R8nm.png
[NotebookApp | WARNING] 404 GET /notebooks/figures/2prot_1nm_z_R8nm.png (127.0.0.1) 2.97ms referer=http://localhost:8888/notebooks/LSPR_response_to_BSA.ipynb
[NotebookApp | WARNING] 404 GET /nbextensions/widgets/notebook/js/extension.js?v=20180612150211 (127.0.0.1) 2.84ms referer=http://localhost:8888/notebooks/LSPR_response_to_BSA.ipynb
[NotebookApp | INFO] Adapting to protocol v5.1 for kernel 48b90c94-a9b5-46bb-804d-cc4f9e769875
[NotebookApp | WARNING] 404 GET /notebooks/figures/withgrid/2prot_1nm_z_R8nm.png (127.0.0.1): No such file or directory: figures/withgrid/2prot_1nm_z_R8nm.png
[NotebookApp | WARNING] 404 GET /notebooks/figures/withgrid/2prot_1nm_z_R8nm.png (127.0.0.1) 3.80ms referer=http://localhost:8888/notebooks/LSPR_response_to_BSA.ipynb
[NotebookApp | INFO] 302 GET /notebooks/figures/with_grid/2prot_1nm_z_R8nm.png (127.0.0.1) 2.22ms
[NotebookApp | INFO] Saving file at /LSPR_response_to_BSA.ipynb
[NotebookApp | INFO] Kernel restarted: 48b90c94-a9b5-46bb-804d-cc4f9e769875
[NotebookApp | INFO] Adapting to protocol v5.1 for kernel 48b90c94-a9b5-46bb-804d-cc4f9e769875
[NotebookApp | INFO] Saving file at /LSPR_response_to_BSA.ipynb
[NotebookApp | INFO] Kernel restarted: 48b90c94-a9b5-46bb-804d-cc4f9e769875
[NotebookApp | INFO] Adapting to protocol v5.1 for kernel 48b90c94-a9b5-46bb-804d-cc4f9e769875
[NotebookApp | INFO] Saving file at /LSPR_response_to_BSA.ipynb
[NotebookApp | INFO] Kernel restarted: 48b90c94-a9b5-46bb-804d-cc4f9e769875
[NotebookApp | INFO] Adapting to protocol v5.1 for kernel 48b90c94-a9b5-46bb-804d-cc4f9e769875
[NotebookApp | INFO] Saving file at /LSPR_response_to_BSA.ipynb
[NotebookApp | INFO] Kernel restarted: 48b90c94-a9b5-46bb-804d-cc4f9e769875
[NotebookApp | INFO] Adapting to protocol v5.1 for kernel 48b90c94-a9b5-46bb-804d-cc4f9e769875
[NotebookApp | INFO] Kernel restarted: 48b90c94-a9b5-46bb-804d-cc4f9e769875
[NotebookApp | INFO] Adapting to protocol v5.1 for kernel 48b90c94-a9b5-46bb-804d-cc4f9e769875
[NotebookApp | INFO] Saving file at /LSPR_response_to_BSA.ipynb
[NotebookApp | INFO] Kernel restarted: 48b90c94-a9b5-46bb-804d-cc4f9e769875
[NotebookApp | INFO] Adapting to protocol v5.1 for kernel 48b90c94-a9b5-46bb-804d-cc4f9e769875
[NotebookApp | INFO] Saving file at /LSPR_response_to_BSA.ipynb
[NotebookApp | WARNING] 404 GET /nbextensions/nbextension.js?v=20180612150211 (127.0.0.1) 4.08ms referer=http://localhost:8888/notebooks/LSPR_response_to_BSA.ipynb
[NotebookApp | WARNING] 404 GET /nbextensions/nbextensions_configurator/config_menu/main.js?v=20180612150211 (127.0.0.1) 3.47ms referer=http://localhost:8888/notebooks/LSPR_response_to_BSA.ipynb
[NotebookApp | INFO] 302 GET /notebooks/figures/with_grid/2prot_1nm_z_R8nm.png (127.0.0.1) 0.95ms
[NotebookApp | WARNING] 404 GET /notebooks/figures/2prot_1nm_x_R8nm.png (127.0.0.1): No such file or directory: figures/2prot_1nm_x_R8nm.png
[NotebookApp | WARNING] 404 GET /notebooks/figures/2prot_1nm_x_R8nm.png (127.0.0.1) 1.50ms referer=http://localhost:8888/notebooks/LSPR_response_to_BSA.ipynb
[NotebookApp | WARNING] 404 GET /notebooks/figures/2prot_1nm_y_R8nm.png (127.0.0.1): No such file or directory: figures/2prot_1nm_y_R8nm.png
[NotebookApp | WARNING] 404 GET /notebooks/figures/2prot_1nm_y_R8nm.png (127.0.0.1) 3.42ms referer=http://localhost:8888/notebooks/LSPR_response_to_BSA.ipynb
[NotebookApp | INFO] Adapting to protocol v5.1 for kernel 48b90c94-a9b5-46bb-804d-cc4f9e769875
[NotebookApp | WARNING] 404 GET /nbextensions/widgets/notebook/js/extension.js?v=20180612150211 (127.0.0.1) 2.10ms referer=http://localhost:8888/notebooks/LSPR_response_to_BSA.ipynb
[NotebookApp | INFO] Kernel restarted: 48b90c94-a9b5-46bb-804d-cc4f9e769875
[NotebookApp | INFO] Adapting to protocol v5.1 for kernel 48b90c94-a9b5-46bb-804d-cc4f9e769875
[NotebookApp | INFO] Kernel restarted: 48b90c94-a9b5-46bb-804d-cc4f9e769875
[NotebookApp | INFO] Adapting to protocol v5.1 for kernel 48b90c94-a9b5-46bb-804d-cc4f9e769875
[NotebookApp | INFO] Saving file at /LSPR_response_to_BSA.ipynb
[NotebookApp | INFO] Kernel restarted: 48b90c94-a9b5-46bb-804d-cc4f9e769875
[NotebookApp | INFO] Adapting to protocol v5.1 for kernel 48b90c94-a9b5-46bb-804d-cc4f9e769875
[NotebookApp | INFO] Kernel restarted: 48b90c94-a9b5-46bb-804d-cc4f9e769875
[NotebookApp | INFO] Adapting to protocol v5.1 for kernel 48b90c94-a9b5-46bb-804d-cc4f9e769875
[NotebookApp | INFO] Saving file at /LSPR_response_to_BSA.ipynb
[NotebookApp | INFO] Kernel restarted: 48b90c94-a9b5-46bb-804d-cc4f9e769875
[NotebookApp | INFO] Adapting to protocol v5.1 for kernel 48b90c94-a9b5-46bb-804d-cc4f9e769875
[NotebookApp | INFO] Saving file at /LSPR_response_to_BSA.ipynb
[NotebookApp | INFO] Kernel restarted: 48b90c94-a9b5-46bb-804d-cc4f9e769875
[NotebookApp | INFO] Adapting to protocol v5.1 for kernel 48b90c94-a9b5-46bb-804d-cc4f9e769875
[NotebookApp | INFO] Kernel restarted: 48b90c94-a9b5-46bb-804d-cc4f9e769875
[NotebookApp | INFO] Adapting to protocol v5.1 for kernel 48b90c94-a9b5-46bb-804d-cc4f9e769875
[NotebookApp | INFO] Saving file at /LSPR_response_to_BSA.ipynb
[NotebookApp | INFO] Kernel restarted: 48b90c94-a9b5-46bb-804d-cc4f9e769875
[NotebookApp | INFO] Adapting to protocol v5.1 for kernel 48b90c94-a9b5-46bb-804d-cc4f9e769875
[NotebookApp | INFO] Saving file at /LSPR_response_to_BSA.ipynb
[NotebookApp | INFO] Kernel restarted: 48b90c94-a9b5-46bb-804d-cc4f9e769875
[NotebookApp | INFO] Adapting to protocol v5.1 for kernel 48b90c94-a9b5-46bb-804d-cc4f9e769875
[NotebookApp | INFO] Kernel restarted: 48b90c94-a9b5-46bb-804d-cc4f9e769875
[NotebookApp | INFO] Adapting to protocol v5.1 for kernel 48b90c94-a9b5-46bb-804d-cc4f9e769875
[NotebookApp | INFO] Saving file at /LSPR_response_to_BSA.ipynb
[NotebookApp | INFO] Kernel restarted: 48b90c94-a9b5-46bb-804d-cc4f9e769875
[NotebookApp | WARNING] 404 GET /notebooks/figures/2prot_1nm_x_R8nm.png (127.0.0.1): No such file or directory: figures/2prot_1nm_x_R8nm.png
[NotebookApp | WARNING] 404 GET /notebooks/figures/2prot_1nm_x_R8nm.png (127.0.0.1) 8.56ms referer=http://localhost:8888/notebooks/LSPR_response_to_BSA.ipynb
[NotebookApp | INFO] Adapting to protocol v5.1 for kernel 48b90c94-a9b5-46bb-804d-cc4f9e769875
[NotebookApp | INFO] Kernel restarted: 48b90c94-a9b5-46bb-804d-cc4f9e769875
[NotebookApp | INFO] Adapting to protocol v5.1 for kernel 48b90c94-a9b5-46bb-804d-cc4f9e769875
[NotebookApp | INFO] Saving file at /LSPR_response_to_BSA.ipynb
[NotebookApp | INFO] Kernel restarted: 48b90c94-a9b5-46bb-804d-cc4f9e769875
[NotebookApp | INFO] Adapting to protocol v5.1 for kernel 48b90c94-a9b5-46bb-804d-cc4f9e769875
[NotebookApp | INFO] Saving file at /LSPR_response_to_BSA.ipynb
[NotebookApp | INFO] Kernel restarted: 48b90c94-a9b5-46bb-804d-cc4f9e769875
[NotebookApp | INFO] Adapting to protocol v5.1 for kernel 48b90c94-a9b5-46bb-804d-cc4f9e769875
[NotebookApp | INFO] Kernel restarted: 48b90c94-a9b5-46bb-804d-cc4f9e769875
[NotebookApp | INFO] Adapting to protocol v5.1 for kernel 48b90c94-a9b5-46bb-804d-cc4f9e769875
[NotebookApp | INFO] Saving file at /LSPR_response_to_BSA.ipynb
[NotebookApp | INFO] Kernel restarted: 48b90c94-a9b5-46bb-804d-cc4f9e769875
[NotebookApp | INFO] Adapting to protocol v5.1 for kernel 48b90c94-a9b5-46bb-804d-cc4f9e769875
[NotebookApp | INFO] Kernel restarted: 48b90c94-a9b5-46bb-804d-cc4f9e769875
[NotebookApp | INFO] Adapting to protocol v5.1 for kernel 48b90c94-a9b5-46bb-804d-cc4f9e769875
[NotebookApp | INFO] Kernel restarted: 48b90c94-a9b5-46bb-804d-cc4f9e769875
[NotebookApp | INFO] Adapting to protocol v5.1 for kernel 48b90c94-a9b5-46bb-804d-cc4f9e769875
[NotebookApp | INFO] Saving file at /LSPR_response_to_BSA.ipynb
[NotebookApp | INFO] Kernel restarted: 48b90c94-a9b5-46bb-804d-cc4f9e769875
[NotebookApp | INFO] Adapting to protocol v5.1 for kernel 48b90c94-a9b5-46bb-804d-cc4f9e769875
[NotebookApp | INFO] Kernel restarted: 48b90c94-a9b5-46bb-804d-cc4f9e769875
[NotebookApp | INFO] Adapting to protocol v5.1 for kernel 48b90c94-a9b5-46bb-804d-cc4f9e769875
[NotebookApp | INFO] Kernel restarted: 48b90c94-a9b5-46bb-804d-cc4f9e769875
[NotebookApp | INFO] Adapting to protocol v5.1 for kernel 48b90c94-a9b5-46bb-804d-cc4f9e769875
[NotebookApp | INFO] Kernel restarted: 48b90c94-a9b5-46bb-804d-cc4f9e769875
[NotebookApp | INFO] Adapting to protocol v5.1 for kernel 48b90c94-a9b5-46bb-804d-cc4f9e769875
[NotebookApp | INFO] Saving file at /LSPR_response_to_BSA.ipynb
[NotebookApp | INFO] Saving file at /LSPR_response_to_BSA.ipynb
[NotebookApp | INFO] Saving file at /LSPR_response_to_BSA.ipynb
[NotebookApp | INFO] Kernel restarted: 48b90c94-a9b5-46bb-804d-cc4f9e769875
[NotebookApp | INFO] Adapting to protocol v5.1 for kernel 48b90c94-a9b5-46bb-804d-cc4f9e769875
[NotebookApp | INFO] 302 GET /notebooks/figures/2prot_1nm_x_R8nm.png (127.0.0.1) 1.64ms
[NotebookApp | INFO] 302 GET /notebooks/figures/2prot_1nm_y_R8nm.png (127.0.0.1) 1.34ms
[NotebookApp | INFO] Saving file at /LSPR_response_to_BSA.ipynb
[NotebookApp | INFO] Kernel restarted: 48b90c94-a9b5-46bb-804d-cc4f9e769875
[NotebookApp | INFO] Adapting to protocol v5.1 for kernel 48b90c94-a9b5-46bb-804d-cc4f9e769875
[NotebookApp | INFO] Kernel restarted: 48b90c94-a9b5-46bb-804d-cc4f9e769875
[NotebookApp | INFO] Adapting to protocol v5.1 for kernel 48b90c94-a9b5-46bb-804d-cc4f9e769875
[NotebookApp | INFO] Saving file at /LSPR_response_to_BSA.ipynb
[NotebookApp | INFO] Saving file at /LSPR_response_to_BSA.ipynb
[NotebookApp | WARNING] No nbgrader_config.py file found (rerun with --debug to see where nbgrader is looking)
[NotebookApp | INFO] Loading the validate_assignment nbgrader serverextension
[NotebookApp | INFO] Serving notebooks from local directory: /home/ncclementi/Documents/git/pygbe_lspr_paper/notebooks/BSA_silver_NP_LSPR_response
[NotebookApp | INFO] 0 active kernels
[NotebookApp | INFO] The Jupyter Notebook is running at:
[NotebookApp | INFO] http://localhost:8888/?token=02567d4e1d26abeddf1655ddf1e543f0b4b0f89e8683150e
[NotebookApp | INFO] Use Control-C to stop this server and shut down all kernels (twice to skip confirmation).
[NotebookApp | CRITICAL] 
    
    Copy/paste this URL into your browser when you connect for the first time,
    to login with a token:
        http://localhost:8888/?token=02567d4e1d26abeddf1655ddf1e543f0b4b0f89e8683150e
[NotebookApp | INFO] Accepting one-time-token-authenticated connection from 127.0.0.1
[NotebookApp | WARNING] 404 GET /nbextensions/nbextensions_configurator/tree_tab/main.js?v=20180705161031 (127.0.0.1) 15.97ms referer=http://localhost:8888/tree
[NotebookApp | INFO] Kernel started: 1f1e8b64-f265-4625-aaa5-1d13c844ea33
[NotebookApp | INFO] 302 GET /notebooks/figures/2prot_1nm_y_R8nm.png (127.0.0.1) 2.46ms
[NotebookApp | INFO] 302 GET /notebooks/figures/2prot_1nm_x_R8nm.png (127.0.0.1) 1.87ms
[NotebookApp | WARNING] 404 GET /notebooks/figures/with_grid/2prot_1nm_z_R8nm.png (127.0.0.1): No such file or directory: figures/with_grid/2prot_1nm_z_R8nm.png
[NotebookApp | WARNING] 404 GET /notebooks/figures/with_grid/2prot_1nm_z_R8nm.png (127.0.0.1) 3.92ms referer=http://localhost:8888/notebooks/LSPR_response_to_BSA.ipynb
[NotebookApp | WARNING] 404 GET /nbextensions/nbextension.js?v=20180705161031 (127.0.0.1) 4.71ms referer=http://localhost:8888/notebooks/LSPR_response_to_BSA.ipynb
[NotebookApp | WARNING] 404 GET /nbextensions/nbextensions_configurator/config_menu/main.js?v=20180705161031 (127.0.0.1) 2.69ms referer=http://localhost:8888/notebooks/LSPR_response_to_BSA.ipynb
[NotebookApp | WARNING] 404 GET /nbextensions/widgets/notebook/js/extension.js?v=20180705161031 (127.0.0.1) 4.14ms referer=http://localhost:8888/notebooks/LSPR_response_to_BSA.ipynb
[NotebookApp | INFO] Adapting to protocol v5.1 for kernel 1f1e8b64-f265-4625-aaa5-1d13c844ea33
[NotebookApp | INFO] 302 GET /notebooks/figures/2prot_1nm_z_R8nm.png (127.0.0.1) 2.24ms
[NotebookApp | INFO] Saving file at /LSPR_response_to_BSA.ipynb
[NotebookApp | INFO] Saving file at /LSPR_response_to_BSA.ipynb
[NotebookApp | INFO] Saving file at /LSPR_response_to_BSA.ipynb
[NotebookApp | INFO] Saving file at /LSPR_response_to_BSA.ipynb
[NotebookApp | INFO] Saving file at /LSPR_response_to_BSA.ipynb
[NotebookApp | INFO] Starting buffering for 1f1e8b64-f265-4625-aaa5-1d13c844ea33:b5efb392290f4a5880c511de43e5be98
[NotebookApp | INFO] Kernel restarted: 1f1e8b64-f265-4625-aaa5-1d13c844ea33
[NotebookApp | INFO] Adapting to protocol v5.1 for kernel 1f1e8b64-f265-4625-aaa5-1d13c844ea33
[NotebookApp | INFO] Restoring connection for 1f1e8b64-f265-4625-aaa5-1d13c844ea33:b5efb392290f4a5880c511de43e5be98
[NotebookApp | INFO] Replaying 6 buffered messages
[NotebookApp | INFO] Starting buffering for 1f1e8b64-f265-4625-aaa5-1d13c844ea33:b5efb392290f4a5880c511de43e5be98
[NotebookApp | INFO] Kernel restarted: 1f1e8b64-f265-4625-aaa5-1d13c844ea33
[NotebookApp | INFO] Adapting to protocol v5.1 for kernel 1f1e8b64-f265-4625-aaa5-1d13c844ea33
[NotebookApp | INFO] Restoring connection for 1f1e8b64-f265-4625-aaa5-1d13c844ea33:b5efb392290f4a5880c511de43e5be98
[NotebookApp | INFO] Replaying 6 buffered messages
[NotebookApp | INFO] Saving file at /LSPR_response_to_BSA.ipynb
[NotebookApp | INFO] Saving file at /LSPR_response_to_BSA.ipynb
[NotebookApp | INFO] Saving file at /LSPR_response_to_BSA.ipynb
[NotebookApp | INFO] Saving file at /LSPR_response_to_BSA.ipynb
[NotebookApp | INFO] Starting buffering for 1f1e8b64-f265-4625-aaa5-1d13c844ea33:b5efb392290f4a5880c511de43e5be98
[NotebookApp | INFO] Kernel restarted: 1f1e8b64-f265-4625-aaa5-1d13c844ea33
[NotebookApp | INFO] Adapting to protocol v5.1 for kernel 1f1e8b64-f265-4625-aaa5-1d13c844ea33
[NotebookApp | INFO] Restoring connection for 1f1e8b64-f265-4625-aaa5-1d13c844ea33:b5efb392290f4a5880c511de43e5be98
[NotebookApp | INFO] Replaying 6 buffered messages
[NotebookApp | INFO] Saving file at /LSPR_response_to_BSA.ipynb
[NotebookApp | INFO] Saving file at /LSPR_response_to_BSA.ipynb
[NotebookApp | INFO] Saving file at /LSPR_response_to_BSA.ipynb
[NotebookApp | INFO] Starting buffering for 1f1e8b64-f265-4625-aaa5-1d13c844ea33:b5efb392290f4a5880c511de43e5be98
[NotebookApp | INFO] Kernel restarted: 1f1e8b64-f265-4625-aaa5-1d13c844ea33
[NotebookApp | INFO] Adapting to protocol v5.1 for kernel 1f1e8b64-f265-4625-aaa5-1d13c844ea33
[NotebookApp | INFO] Restoring connection for 1f1e8b64-f265-4625-aaa5-1d13c844ea33:b5efb392290f4a5880c511de43e5be98
[NotebookApp | INFO] Replaying 6 buffered messages
[NotebookApp | INFO] Starting buffering for 1f1e8b64-f265-4625-aaa5-1d13c844ea33:b5efb392290f4a5880c511de43e5be98
[NotebookApp | INFO] Kernel restarted: 1f1e8b64-f265-4625-aaa5-1d13c844ea33
[NotebookApp | INFO] Adapting to protocol v5.1 for kernel 1f1e8b64-f265-4625-aaa5-1d13c844ea33
[NotebookApp | INFO] Restoring connection for 1f1e8b64-f265-4625-aaa5-1d13c844ea33:b5efb392290f4a5880c511de43e5be98
[NotebookApp | INFO] Replaying 6 buffered messages
[NotebookApp | INFO] Saving file at /LSPR_response_to_BSA.ipynb
[NotebookApp | INFO] Starting buffering for 1f1e8b64-f265-4625-aaa5-1d13c844ea33:b5efb392290f4a5880c511de43e5be98
[NotebookApp | INFO] Kernel restarted: 1f1e8b64-f265-4625-aaa5-1d13c844ea33
[NotebookApp | INFO] Adapting to protocol v5.1 for kernel 1f1e8b64-f265-4625-aaa5-1d13c844ea33
[NotebookApp | INFO] Restoring connection for 1f1e8b64-f265-4625-aaa5-1d13c844ea33:b5efb392290f4a5880c511de43e5be98
[NotebookApp | INFO] Replaying 6 buffered messages
[NotebookApp | INFO] Starting buffering for 1f1e8b64-f265-4625-aaa5-1d13c844ea33:b5efb392290f4a5880c511de43e5be98
[NotebookApp | INFO] Kernel restarted: 1f1e8b64-f265-4625-aaa5-1d13c844ea33
[NotebookApp | INFO] Adapting to protocol v5.1 for kernel 1f1e8b64-f265-4625-aaa5-1d13c844ea33
[NotebookApp | INFO] Restoring connection for 1f1e8b64-f265-4625-aaa5-1d13c844ea33:b5efb392290f4a5880c511de43e5be98
[NotebookApp | INFO] Replaying 6 buffered messages
[NotebookApp | INFO] Saving file at /LSPR_response_to_BSA.ipynb
[NotebookApp | INFO] Starting buffering for 1f1e8b64-f265-4625-aaa5-1d13c844ea33:b5efb392290f4a5880c511de43e5be98
[NotebookApp | INFO] Kernel restarted: 1f1e8b64-f265-4625-aaa5-1d13c844ea33
[NotebookApp | INFO] Adapting to protocol v5.1 for kernel 1f1e8b64-f265-4625-aaa5-1d13c844ea33
[NotebookApp | INFO] Restoring connection for 1f1e8b64-f265-4625-aaa5-1d13c844ea33:b5efb392290f4a5880c511de43e5be98
[NotebookApp | INFO] Replaying 6 buffered messages
[NotebookApp | INFO] Saving file at /LSPR_response_to_BSA.ipynb
[NotebookApp | INFO] Starting buffering for 1f1e8b64-f265-4625-aaa5-1d13c844ea33:b5efb392290f4a5880c511de43e5be98
[NotebookApp | INFO] Kernel restarted: 1f1e8b64-f265-4625-aaa5-1d13c844ea33
[NotebookApp | INFO] Adapting to protocol v5.1 for kernel 1f1e8b64-f265-4625-aaa5-1d13c844ea33
[NotebookApp | INFO] Restoring connection for 1f1e8b64-f265-4625-aaa5-1d13c844ea33:b5efb392290f4a5880c511de43e5be98
[NotebookApp | INFO] Replaying 6 buffered messages
[NotebookApp | INFO] Saving file at /LSPR_response_to_BSA.ipynb
[NotebookApp | INFO] Starting buffering for 1f1e8b64-f265-4625-aaa5-1d13c844ea33:b5efb392290f4a5880c511de43e5be98
[NotebookApp | INFO] Kernel restarted: 1f1e8b64-f265-4625-aaa5-1d13c844ea33
[NotebookApp | INFO] Adapting to protocol v5.1 for kernel 1f1e8b64-f265-4625-aaa5-1d13c844ea33
[NotebookApp | INFO] Restoring connection for 1f1e8b64-f265-4625-aaa5-1d13c844ea33:b5efb392290f4a5880c511de43e5be98
[NotebookApp | INFO] Replaying 6 buffered messages
[NotebookApp | INFO] Saving file at /LSPR_response_to_BSA.ipynb
[NotebookApp | INFO] Starting buffering for 1f1e8b64-f265-4625-aaa5-1d13c844ea33:b5efb392290f4a5880c511de43e5be98
[NotebookApp | INFO] Kernel restarted: 1f1e8b64-f265-4625-aaa5-1d13c844ea33
[NotebookApp | INFO] Adapting to protocol v5.1 for kernel 1f1e8b64-f265-4625-aaa5-1d13c844ea33
[NotebookApp | INFO] Restoring connection for 1f1e8b64-f265-4625-aaa5-1d13c844ea33:b5efb392290f4a5880c511de43e5be98
[NotebookApp | INFO] Replaying 6 buffered messages
[NotebookApp | INFO] Saving file at /LSPR_response_to_BSA.ipynb
[NotebookApp | INFO] Starting buffering for 1f1e8b64-f265-4625-aaa5-1d13c844ea33:b5efb392290f4a5880c511de43e5be98
[NotebookApp | INFO] Kernel restarted: 1f1e8b64-f265-4625-aaa5-1d13c844ea33
[NotebookApp | INFO] Adapting to protocol v5.1 for kernel 1f1e8b64-f265-4625-aaa5-1d13c844ea33
[NotebookApp | INFO] Restoring connection for 1f1e8b64-f265-4625-aaa5-1d13c844ea33:b5efb392290f4a5880c511de43e5be98
[NotebookApp | INFO] Replaying 6 buffered messages
[NotebookApp | INFO] Saving file at /LSPR_response_to_BSA.ipynb
[NotebookApp | INFO] Starting buffering for 1f1e8b64-f265-4625-aaa5-1d13c844ea33:b5efb392290f4a5880c511de43e5be98
[NotebookApp | INFO] Kernel shutdown: 1f1e8b64-f265-4625-aaa5-1d13c844ea33
[NotebookApp | INFO] interrupted
[NotebookApp | CRITICAL] Shutdown confirmed
[NotebookApp | INFO] Shutting down 0 kernels
[NotebookApp | WARNING] No nbgrader_config.py file found (rerun with --debug to see where nbgrader is looking)
[NotebookApp | INFO] Loading the validate_assignment nbgrader serverextension
[NotebookApp | INFO] Serving notebooks from local directory: /home/ncclementi/Documents/git/pygbe_lspr_paper/notebooks/BSA_silver_NP_LSPR_response
[NotebookApp | INFO] 0 active kernels
[NotebookApp | INFO] The Jupyter Notebook is running at:
[NotebookApp | INFO] http://localhost:8888/?token=582386264d992cd55a89625e305d9f40863787137bde5e58
[NotebookApp | INFO] Use Control-C to stop this server and shut down all kernels (twice to skip confirmation).
[NotebookApp | CRITICAL] 
    
    Copy/paste this URL into your browser when you connect for the first time,
    to login with a token:
        http://localhost:8888/?token=582386264d992cd55a89625e305d9f40863787137bde5e58
[NotebookApp | INFO] Accepting one-time-token-authenticated connection from 127.0.0.1
[NotebookApp | WARNING] 404 GET /nbextensions/nbextensions_configurator/tree_tab/main.js?v=20180709121619 (127.0.0.1) 11.83ms referer=http://localhost:8888/tree
[NotebookApp | WARNING] 404 GET /nbextensions/nbextension.js?v=20180709121619 (127.0.0.1) 3.17ms referer=http://localhost:8888/notebooks/LSPR_response_to_BSA.ipynb
[NotebookApp | WARNING] 404 GET /nbextensions/nbextensions_configurator/config_menu/main.js?v=20180709121619 (127.0.0.1) 3.41ms referer=http://localhost:8888/notebooks/LSPR_response_to_BSA.ipynb
[NotebookApp | INFO] Kernel started: 9a304a4a-30f8-4122-9e36-5a1327752145
[NotebookApp | WARNING] 404 GET /notebooks/figures/2prot_1nm_z_R8nm.png (127.0.0.1): No such file or directory: figures/2prot_1nm_z_R8nm.png
[NotebookApp | WARNING] 404 GET /notebooks/figures/2prot_1nm_z_R8nm.png (127.0.0.1) 2.78ms referer=http://localhost:8888/notebooks/LSPR_response_to_BSA.ipynb
[NotebookApp | WARNING] 404 GET /notebooks/figures/2prot_1nm_x_R8nm.png (127.0.0.1): No such file or directory: figures/2prot_1nm_x_R8nm.png
[NotebookApp | WARNING] 404 GET /notebooks/figures/2prot_1nm_x_R8nm.png (127.0.0.1) 1.91ms referer=http://localhost:8888/notebooks/LSPR_response_to_BSA.ipynb
[NotebookApp | WARNING] 404 GET /notebooks/figures/2prot_1nm_y_R8nm.png (127.0.0.1): No such file or directory: figures/2prot_1nm_y_R8nm.png
[NotebookApp | WARNING] 404 GET /notebooks/figures/2prot_1nm_y_R8nm.png (127.0.0.1) 1.95ms referer=http://localhost:8888/notebooks/LSPR_response_to_BSA.ipynb
[NotebookApp | WARNING] 404 GET /nbextensions/widgets/notebook/js/extension.js?v=20180709121619 (127.0.0.1) 2.20ms referer=http://localhost:8888/notebooks/LSPR_response_to_BSA.ipynb
[NotebookApp | INFO] Adapting to protocol v5.1 for kernel 9a304a4a-30f8-4122-9e36-5a1327752145
[NotebookApp | INFO] Starting buffering for 9a304a4a-30f8-4122-9e36-5a1327752145:9e9f1492b5534206bcc146f8855d3f01
[NotebookApp | INFO] Kernel shutdown: 9a304a4a-30f8-4122-9e36-5a1327752145
[NotebookApp | INFO] interrupted
[NotebookApp | CRITICAL] Shutdown confirmed
[NotebookApp | INFO] Shutting down 0 kernels
